Build started 2/1/2010 9:17:05 PM.
Project "E:\talk\demo\HelloWorldCPP\HelloWorldCPP.vcxproj" on node 2 (build target(s)).
InitializeBuildStatus:
  Creating "Debug\HelloWorldCPP.unsuccessfulbuild" because "AlwaysCreate" was specified.
ClCompile:
  All outputs are up-to-date.
  All outputs are up-to-date.
ManifestResourceCompile:
  All outputs are up-to-date.
Link:
  All outputs are up-to-date.
  C:\Program Files\Microsoft Visual Studio 10.0\VC\bin\link.exe /ERRORREPORT:PROMPT /OUT:"E:\talk\demo\Debug\HelloWorldCPP.exe" /INCREMENTAL /NOLOGO kernel32.lib user32.lib gdi32.lib winspool.lib comdlg32.lib advapi32.lib shell32.lib ole32.lib oleaut32.lib uuid.lib odbc32.lib odbccp32.lib /MANIFEST /ManifestFile:"Debug\HelloWorldCPP.exe.intermediate.manifest" /MANIFESTUAC:"level='asInvoker' uiAccess='false'" /DEBUG /PDB:"E:\talk\demo\Debug\HelloWorldCPP.pdb" /SUBSYSTEM:CONSOLE /TLBID:1 /DYNAMICBASE /NXCOMPAT /IMPLIB:"E:\talk\demo\Debug\HelloWorldCPP.lib" /MACHINE:X86 Debug\HelloWorldCPP.exe.embed.manifest.res
  Debug\Main.obj
  Debug\PurchaseOrder.obj
  Debug\stdafx.obj
Manifest:
  C:\Program Files\Microsoft SDKs\Windows\v7.0A\bin\mt.exe /nologo /verbose /out:"Debug\HelloWorldCPP.exe.embed.manifest" /manifest Debug\HelloWorldCPP.exe.intermediate.manifest
  All outputs are up-to-date.
LinkEmbedManifest:
  All outputs are up-to-date.
  HelloWorldCPP.vcxproj -> E:\talk\demo\Debug\HelloWorldCPP.exe
FinalizeBuildStatus:
  Deleting file "Debug\HelloWorldCPP.unsuccessfulbuild".
  Touching "Debug\HelloWorldCPP.lastbuildstate".
Done Building Project "E:\talk\demo\HelloWorldCPP\HelloWorldCPP.vcxproj" (build target(s)).

Build succeeded.

Time Elapsed 00:00:06.84
