E:\TALK\DEMO\DEBUG\HELLOWORLDCPP.EXE
E:\TALK\DEMO\DEBUG\HELLOWORLDCPP.ILK
E:\TALK\DEMO\DEBUG\HELLOWORLDCPP.PDB
E:\talk\demo\HelloWorldCPP\Debug\cl.command.1.tlog
E:\talk\demo\HelloWorldCPP\Debug\CL.read.1.tlog
E:\talk\demo\HelloWorldCPP\Debug\CL.write.1.tlog
E:\talk\demo\HelloWorldCPP\Debug\HelloWorldCPP.exe.embed.manifest
E:\TALK\DEMO\HELLOWORLDCPP\DEBUG\HELLOWORLDCPP.EXE.EMBED.MANIFEST.RES
E:\TALK\DEMO\HELLOWORLDCPP\DEBUG\HELLOWORLDCPP.EXE.INTERMEDIATE.MANIFEST
E:\TALK\DEMO\HELLOWORLDCPP\DEBUG\HELLOWORLDCPP.PCH
E:\talk\demo\HelloWorldCPP\Debug\HelloWorldCPP_manifest.rc
E:\talk\demo\HelloWorldCPP\Debug\link.7560.read.1.tlog
E:\talk\demo\HelloWorldCPP\Debug\link.7560.write.1.tlog
E:\talk\demo\HelloWorldCPP\Debug\link.7560-cvtres.read.1.tlog
E:\talk\demo\HelloWorldCPP\Debug\link.7560-cvtres.write.1.tlog
E:\talk\demo\HelloWorldCPP\Debug\link.command.1.tlog
E:\talk\demo\HelloWorldCPP\Debug\link.read.1.tlog
E:\talk\demo\HelloWorldCPP\Debug\link.write.1.tlog
E:\talk\demo\HelloWorldCPP\Debug\link-cvtres.read.1.tlog
E:\talk\demo\HelloWorldCPP\Debug\link-cvtres.write.1.tlog
E:\TALK\DEMO\HELLOWORLDCPP\DEBUG\MAIN.OBJ
E:\talk\demo\HelloWorldCPP\Debug\mt.command.1.tlog
E:\talk\demo\HelloWorldCPP\Debug\mt.read.1.tlog
E:\talk\demo\HelloWorldCPP\Debug\mt.write.1.tlog
E:\TALK\DEMO\HELLOWORLDCPP\DEBUG\PURCHASEORDER.OBJ
E:\talk\demo\HelloWorldCPP\Debug\rc.command.1.tlog
E:\talk\demo\HelloWorldCPP\Debug\rc.read.1.tlog
E:\talk\demo\HelloWorldCPP\Debug\rc.write.1.tlog
E:\TALK\DEMO\HELLOWORLDCPP\DEBUG\STDAFX.OBJ
E:\talk\demo\HelloWorldCPP\Debug\vc100.idb
E:\TALK\DEMO\HELLOWORLDCPP\DEBUG\VC100.PDB
