E:\talk\demo\dbgexts\Debug\cl.command.1.tlog
E:\talk\demo\dbgexts\Debug\CL.read.1.tlog
E:\talk\demo\dbgexts\Debug\CL.write.1.tlog
E:\talk\demo\dbgexts\Debug\DbgExts.dll.embed.manifest
E:\TALK\DEMO\DBGEXTS\DEBUG\DBGEXTS.DLL.EMBED.MANIFEST.RES
E:\TALK\DEMO\DBGEXTS\DEBUG\DBGEXTS.DLL.INTERMEDIATE.MANIFEST
E:\TALK\DEMO\DBGEXTS\DEBUG\DBGEXTS.OBJ
E:\TALK\DEMO\DBGEXTS\DEBUG\DBGEXTS.RES
E:\talk\demo\dbgexts\Debug\DbgExts.write.1.tlog
E:\talk\demo\dbgexts\Debug\DbgExts_manifest.rc
E:\TALK\DEMO\DBGEXTS\DEBUG\EXTS.OBJ
E:\talk\demo\dbgexts\Debug\link.2292.read.1.tlog
E:\talk\demo\dbgexts\Debug\link.2292.write.1.tlog
E:\talk\demo\dbgexts\Debug\link.2292-cvtres.read.1.tlog
E:\talk\demo\dbgexts\Debug\link.2292-cvtres.write.1.tlog
E:\talk\demo\dbgexts\Debug\link.8060.read.1.tlog
E:\talk\demo\dbgexts\Debug\link.8060.write.1.tlog
E:\talk\demo\dbgexts\Debug\link.8060-cvtres.read.1.tlog
E:\talk\demo\dbgexts\Debug\link.8060-cvtres.write.1.tlog
E:\talk\demo\dbgexts\Debug\link.command.1.tlog
E:\talk\demo\dbgexts\Debug\link.read.1.tlog
E:\talk\demo\dbgexts\Debug\link.write.1.tlog
E:\talk\demo\dbgexts\Debug\link-cvtres.read.1.tlog
E:\talk\demo\dbgexts\Debug\link-cvtres.write.1.tlog
E:\talk\demo\dbgexts\Debug\mt.command.1.tlog
E:\talk\demo\dbgexts\Debug\mt.read.1.tlog
E:\talk\demo\dbgexts\Debug\mt.write.1.tlog
E:\TALK\DEMO\DBGEXTS\DEBUG\OUT.OBJ
E:\talk\demo\dbgexts\Debug\rc.command.1.tlog
E:\talk\demo\dbgexts\Debug\rc.read.1.tlog
E:\talk\demo\dbgexts\Debug\rc.write.1.tlog
E:\talk\demo\dbgexts\Debug\vc100.idb
E:\TALK\DEMO\DBGEXTS\DEBUG\VC100.PDB
E:\TALK\DEMO\DEBUG\DBGEXTS.DLL
E:\talk\demo\Debug\DbgExts.exp
E:\TALK\DEMO\DEBUG\DBGEXTS.ILK
E:\talk\demo\Debug\DbgExts.lib
E:\TALK\DEMO\DEBUG\DBGEXTS.PDB
