E:\talk\demo\hwexts\x64\Debug\cl.command.1.tlog
E:\talk\demo\hwexts\x64\Debug\CL.read.1.tlog
E:\talk\demo\hwexts\x64\Debug\CL.write.1.tlog
E:\TALK\DEMO\HWEXTS\X64\DEBUG\DBGEXTS.OBJ
E:\TALK\DEMO\HWEXTS\X64\DEBUG\DBGEXTS.RES
E:\TALK\DEMO\HWEXTS\X64\DEBUG\EXTS.OBJ
E:\talk\demo\hwexts\x64\Debug\hwexts.dll.embed.manifest
E:\TALK\DEMO\HWEXTS\X64\DEBUG\HWEXTS.DLL.EMBED.MANIFEST.RES
E:\TALK\DEMO\HWEXTS\X64\DEBUG\HWEXTS.DLL.INTERMEDIATE.MANIFEST
E:\talk\demo\hwexts\x64\Debug\hwexts.write.1.tlog
E:\talk\demo\hwexts\x64\Debug\hwexts_manifest.rc
E:\talk\demo\hwexts\x64\Debug\link.command.1.tlog
E:\talk\demo\hwexts\x64\Debug\link.read.1.tlog
E:\talk\demo\hwexts\x64\Debug\link.write.1.tlog
E:\talk\demo\hwexts\x64\Debug\link-cvtres.read.1.tlog
E:\talk\demo\hwexts\x64\Debug\link-cvtres.write.1.tlog
E:\talk\demo\hwexts\x64\Debug\mt.command.1.tlog
E:\talk\demo\hwexts\x64\Debug\mt.read.1.tlog
E:\talk\demo\hwexts\x64\Debug\mt.write.1.tlog
E:\TALK\DEMO\HWEXTS\X64\DEBUG\OUT.OBJ
E:\talk\demo\hwexts\x64\Debug\rc.command.1.tlog
E:\talk\demo\hwexts\x64\Debug\rc.read.1.tlog
E:\talk\demo\hwexts\x64\Debug\rc.write.1.tlog
E:\TALK\DEMO\X64\DEBUG\HWEXTS.DLL
E:\talk\demo\x64\Debug\hwexts.exp
E:\TALK\DEMO\X64\DEBUG\HWEXTS.ILK
E:\talk\demo\x64\Debug\hwexts.lib
E:\TALK\DEMO\X64\DEBUG\HWEXTS.PDB
