E:\talk\demo\dbgexts\x64\Debug\cl.command.1.tlog
E:\talk\demo\dbgexts\x64\Debug\CL.read.1.tlog
E:\talk\demo\dbgexts\x64\Debug\CL.write.1.tlog
E:\talk\demo\dbgexts\x64\Debug\DbgExts.dll.embed.manifest
E:\TALK\DEMO\DBGEXTS\X64\DEBUG\DBGEXTS.DLL.EMBED.MANIFEST.RES
E:\TALK\DEMO\DBGEXTS\X64\DEBUG\DBGEXTS.DLL.INTERMEDIATE.MANIFEST
E:\TALK\DEMO\DBGEXTS\X64\DEBUG\DBGEXTS.OBJ
E:\TALK\DEMO\DBGEXTS\X64\DEBUG\DBGEXTS.RES
E:\talk\demo\dbgexts\x64\Debug\DbgExts.write.1.tlog
E:\talk\demo\dbgexts\x64\Debug\DbgExts_manifest.rc
E:\TALK\DEMO\DBGEXTS\X64\DEBUG\EXTS.OBJ
E:\talk\demo\dbgexts\x64\Debug\link.command.1.tlog
E:\talk\demo\dbgexts\x64\Debug\link.read.1.tlog
E:\talk\demo\dbgexts\x64\Debug\link.write.1.tlog
E:\talk\demo\dbgexts\x64\Debug\link-cvtres.read.1.tlog
E:\talk\demo\dbgexts\x64\Debug\link-cvtres.write.1.tlog
E:\talk\demo\dbgexts\x64\Debug\mt.command.1.tlog
E:\talk\demo\dbgexts\x64\Debug\mt.read.1.tlog
E:\talk\demo\dbgexts\x64\Debug\mt.write.1.tlog
E:\TALK\DEMO\DBGEXTS\X64\DEBUG\OUT.OBJ
E:\talk\demo\dbgexts\x64\Debug\rc.command.1.tlog
E:\talk\demo\dbgexts\x64\Debug\rc.read.1.tlog
E:\talk\demo\dbgexts\x64\Debug\rc.write.1.tlog
E:\TALK\DEMO\X64\DEBUG\DBGEXTS.DLL
E:\talk\demo\x64\Debug\DbgExts.exp
E:\TALK\DEMO\X64\DEBUG\DBGEXTS.ILK
E:\talk\demo\x64\Debug\DbgExts.lib
E:\TALK\DEMO\X64\DEBUG\DBGEXTS.PDB
