E:\TALK\DEMO\DEBUG\HWEXTS.DLL
E:\talk\demo\Debug\hwexts.exp
E:\TALK\DEMO\DEBUG\HWEXTS.ILK
E:\talk\demo\Debug\hwexts.lib
E:\TALK\DEMO\DEBUG\HWEXTS.PDB
E:\talk\demo\hwexts\Debug\cl.command.1.tlog
E:\talk\demo\hwexts\Debug\CL.read.1.tlog
E:\talk\demo\hwexts\Debug\CL.write.1.tlog
E:\TALK\DEMO\HWEXTS\DEBUG\DUMPPO.OBJ
E:\TALK\DEMO\HWEXTS\DEBUG\HELP.OBJ
E:\talk\demo\hwexts\Debug\hwexts.dll.embed.manifest
E:\TALK\DEMO\HWEXTS\DEBUG\HWEXTS.DLL.EMBED.MANIFEST.RES
E:\TALK\DEMO\HWEXTS\DEBUG\HWEXTS.DLL.INTERMEDIATE.MANIFEST
E:\TALK\DEMO\HWEXTS\DEBUG\HWEXTS.OBJ
E:\TALK\DEMO\HWEXTS\DEBUG\HWEXTS.RES
E:\talk\demo\hwexts\Debug\hwexts.write.1.tlog
E:\talk\demo\hwexts\Debug\hwexts_manifest.rc
E:\talk\demo\hwexts\Debug\link.command.1.tlog
E:\talk\demo\hwexts\Debug\link.read.1.tlog
E:\talk\demo\hwexts\Debug\link.write.1.tlog
E:\talk\demo\hwexts\Debug\link-cvtres.read.1.tlog
E:\talk\demo\hwexts\Debug\link-cvtres.write.1.tlog
E:\talk\demo\hwexts\Debug\mt.command.1.tlog
E:\talk\demo\hwexts\Debug\mt.read.1.tlog
E:\talk\demo\hwexts\Debug\mt.write.1.tlog
E:\TALK\DEMO\HWEXTS\DEBUG\OUT.OBJ
E:\talk\demo\hwexts\Debug\rc.command.1.tlog
E:\talk\demo\hwexts\Debug\rc.read.1.tlog
E:\talk\demo\hwexts\Debug\rc.write.1.tlog
E:\TALK\DEMO\HWEXTS\DEBUG\TESTEXT.OBJ
E:\talk\demo\hwexts\Debug\vc100.idb
E:\TALK\DEMO\HWEXTS\DEBUG\VC100.PDB
